mode: set
trpg-sync/backend/api/middleware/auth.go:11.39,12.30 1 1
trpg-sync/backend/api/middleware/auth.go:12.30,14.23 2 1
trpg-sync/backend/api/middleware/auth.go:14.23,22.4 3 1
trpg-sync/backend/api/middleware/auth.go:24.3,25.46 2 1
trpg-sync/backend/api/middleware/auth.go:25.46,33.4 3 1
trpg-sync/backend/api/middleware/auth.go:35.3,37.22 3 1
trpg-sync/backend/api/middleware/auth.go:37.22,39.4 1 0
trpg-sync/backend/api/middleware/auth.go:41.3,41.84 1 1
trpg-sync/backend/api/middleware/auth.go:41.84,43.4 1 1
trpg-sync/backend/api/middleware/auth.go:45.3,45.33 1 1
trpg-sync/backend/api/middleware/auth.go:45.33,53.4 3 1
trpg-sync/backend/api/middleware/auth.go:55.3,55.53 1 1
trpg-sync/backend/api/middleware/auth.go:55.53,58.4 2 1
trpg-sync/backend/api/middleware/auth.go:60.3,60.11 1 1
trpg-sync/backend/api/middleware/cors.go:7.29,8.30 1 0
trpg-sync/backend/api/middleware/cors.go:8.30,14.36 5 0
trpg-sync/backend/api/middleware/cors.go:14.36,17.4 2 0
trpg-sync/backend/api/middleware/cors.go:19.3,19.11 1 0
trpg-sync/backend/api/middleware/logger.go:10.31,11.30 1 0
trpg-sync/backend/api/middleware/logger.go:11.30,23.18 9 0
trpg-sync/backend/api/middleware/logger.go:23.18,25.4 1 0
trpg-sync/backend/api/middleware/logger.go:27.3,27.94 1 0
trpg-sync/backend/api/middleware/recovery.go:9.33,10.30 1 0
trpg-sync/backend/api/middleware/recovery.go:10.30,11.16 1 0
trpg-sync/backend/api/middleware/recovery.go:11.16,12.36 1 0
trpg-sync/backend/api/middleware/recovery.go:12.36,20.5 3 0
trpg-sync/backend/api/middleware/recovery.go:22.3,22.11 1 0
trpg-sync/backend/infrastructure/database/database.go:13.51,25.23 3 1
trpg-sync/backend/infrastructure/database/database.go:26.16,27.27 1 1
trpg-sync/backend/infrastructure/database/database.go:28.15,29.26 1 0
trpg-sync/backend/infrastructure/database/database.go:30.14,31.25 1 0
trpg-sync/backend/infrastructure/database/database.go:32.14,33.25 1 0
trpg-sync/backend/infrastructure/database/database.go:34.10,35.25 1 1
trpg-sync/backend/infrastructure/database/database.go:38.2,41.16 2 1
trpg-sync/backend/infrastructure/database/database.go:41.16,43.3 1 1
trpg-sync/backend/infrastructure/database/database.go:45.2,46.16 2 0
trpg-sync/backend/infrastructure/database/database.go:46.16,48.3 1 0
trpg-sync/backend/infrastructure/database/database.go:50.2,54.16 4 0
trpg-sync/backend/api/v1/handlers/auth.go:16.47,18.2 1 1
trpg-sync/backend/api/v1/handlers/auth.go:31.48,33.47 2 1
trpg-sync/backend/api/v1/handlers/auth.go:33.47,40.3 2 1
trpg-sync/backend/api/v1/handlers/auth.go:42.2,43.86 2 1
trpg-sync/backend/api/v1/handlers/auth.go:43.86,50.3 2 1
trpg-sync/backend/api/v1/handlers/auth.go:52.2,53.16 2 1
trpg-sync/backend/api/v1/handlers/auth.go:53.16,60.3 2 0
trpg-sync/backend/api/v1/handlers/auth.go:62.2,68.52 2 1
trpg-sync/backend/api/v1/handlers/auth.go:68.52,75.3 2 0
trpg-sync/backend/api/v1/handlers/auth.go:77.2,85.4 1 1
trpg-sync/backend/api/v1/handlers/auth.go:88.45,90.47 2 1
trpg-sync/backend/api/v1/handlers/auth.go:90.47,97.3 2 1
trpg-sync/backend/api/v1/handlers/auth.go:99.2,100.78 2 1
trpg-sync/backend/api/v1/handlers/auth.go:100.78,107.3 2 1
trpg-sync/backend/api/v1/handlers/auth.go:109.2,109.99 1 1
trpg-sync/backend/api/v1/handlers/auth.go:109.99,116.3 2 1
trpg-sync/backend/api/v1/handlers/auth.go:118.2,126.4 1 1
trpg-sync/backend/api/v1/handlers/character.go:17.57,19.2 1 1
trpg-sync/backend/api/v1/handlers/character.go:36.60,38.13 2 1
trpg-sync/backend/api/v1/handlers/character.go:38.13,45.3 2 0
trpg-sync/backend/api/v1/handlers/character.go:47.2,49.16 3 1
trpg-sync/backend/api/v1/handlers/character.go:49.16,56.3 2 0
trpg-sync/backend/api/v1/handlers/character.go:59.2,60.135 2 1
trpg-sync/backend/api/v1/handlers/character.go:60.135,67.3 2 0
trpg-sync/backend/api/v1/handlers/character.go:70.2,71.174 2 1
trpg-sync/backend/api/v1/handlers/character.go:71.174,78.3 2 0
trpg-sync/backend/api/v1/handlers/character.go:80.2,81.47 2 1
trpg-sync/backend/api/v1/handlers/character.go:81.47,88.3 2 1
trpg-sync/backend/api/v1/handlers/character.go:90.2,107.57 2 1
trpg-sync/backend/api/v1/handlers/character.go:107.57,114.3 2 0
trpg-sync/backend/api/v1/handlers/character.go:116.2,120.4 1 1
trpg-sync/backend/api/v1/handlers/character.go:123.58,127.82 3 1
trpg-sync/backend/api/v1/handlers/character.go:127.82,134.3 2 0
trpg-sync/backend/api/v1/handlers/character.go:136.2,140.4 1 1
trpg-sync/backend/api/v1/handlers/character.go:143.57,147.66 3 1
trpg-sync/backend/api/v1/handlers/character.go:147.66,154.3 2 1
trpg-sync/backend/api/v1/handlers/character.go:156.2,160.4 1 1
trpg-sync/backend/api/v1/handlers/character.go:163.60,165.13 2 1
trpg-sync/backend/api/v1/handlers/character.go:165.13,172.3 2 0
trpg-sync/backend/api/v1/handlers/character.go:174.2,178.75 3 1
trpg-sync/backend/api/v1/handlers/character.go:178.75,185.3 2 0
trpg-sync/backend/api/v1/handlers/character.go:188.2,188.45 1 1
trpg-sync/backend/api/v1/handlers/character.go:188.45,195.3 2 0
trpg-sync/backend/api/v1/handlers/character.go:198.2,199.47 2 1
trpg-sync/backend/api/v1/handlers/character.go:199.47,206.3 2 0
trpg-sync/backend/api/v1/handlers/character.go:209.2,222.58 13 1
trpg-sync/backend/api/v1/handlers/character.go:222.58,229.3 2 0
trpg-sync/backend/api/v1/handlers/character.go:231.2,235.4 1 1
trpg-sync/backend/api/v1/handlers/character.go:238.60,240.13 2 1
trpg-sync/backend/api/v1/handlers/character.go:240.13,247.3 2 0
trpg-sync/backend/api/v1/handlers/character.go:249.2,253.75 3 1
trpg-sync/backend/api/v1/handlers/character.go:253.75,260.3 2 0
trpg-sync/backend/api/v1/handlers/character.go:263.2,263.45 1 1
trpg-sync/backend/api/v1/handlers/character.go:263.45,270.3 2 0
trpg-sync/backend/api/v1/handlers/character.go:273.2,273.60 1 1
trpg-sync/backend/api/v1/handlers/character.go:273.60,280.3 2 0
trpg-sync/backend/api/v1/handlers/character.go:282.2,286.4 1 1
trpg-sync/backend/api/v1/handlers/room.go:20.47,22.2 1 1
trpg-sync/backend/api/v1/handlers/room.go:34.34,36.44 2 1
trpg-sync/backend/api/v1/handlers/room.go:36.44,39.3 1 0
trpg-sync/backend/api/v1/handlers/room.go:40.2,40.55 1 1
trpg-sync/backend/api/v1/handlers/room.go:44.34,46.2 1 1
trpg-sync/backend/api/v1/handlers/room.go:48.50,52.47 3 1
trpg-sync/backend/api/v1/handlers/room.go:52.47,59.3 2 1
trpg-sync/backend/api/v1/handlers/room.go:61.2,72.52 2 1
trpg-sync/backend/api/v1/handlers/room.go:72.52,79.3 2 0
trpg-sync/backend/api/v1/handlers/room.go:81.2,85.4 1 1
trpg-sync/backend/api/v1/handlers/room.go:88.48,90.77 2 1
trpg-sync/backend/api/v1/handlers/room.go:90.77,97.3 2 0
trpg-sync/backend/api/v1/handlers/room.go:99.2,103.4 1 1
trpg-sync/backend/api/v1/handlers/room.go:106.47,110.56 3 1
trpg-sync/backend/api/v1/handlers/room.go:110.56,117.3 2 1
trpg-sync/backend/api/v1/handlers/room.go:119.2,123.4 1 1
trpg-sync/backend/api/v1/handlers/room.go:126.48,128.13 2 1
trpg-sync/backend/api/v1/handlers/room.go:128.13,135.3 2 0
trpg-sync/backend/api/v1/handlers/room.go:137.2,141.65 3 1
trpg-sync/backend/api/v1/handlers/room.go:141.65,148.3 2 1
trpg-sync/backend/api/v1/handlers/room.go:151.2,153.49 3 1
trpg-sync/backend/api/v1/handlers/room.go:153.49,160.3 2 1
trpg-sync/backend/api/v1/handlers/room.go:163.2,165.16 3 1
trpg-sync/backend/api/v1/handlers/room.go:165.16,172.3 2 0
trpg-sync/backend/api/v1/handlers/room.go:175.2,182.54 2 1
trpg-sync/backend/api/v1/handlers/room.go:182.54,189.3 2 0
trpg-sync/backend/api/v1/handlers/room.go:191.2,195.4 1 1
trpg-sync/backend/api/v1/handlers/room.go:198.49,200.13 2 1
trpg-sync/backend/api/v1/handlers/room.go:200.13,207.3 2 0
trpg-sync/backend/api/v1/handlers/room.go:209.2,213.65 3 1
trpg-sync/backend/api/v1/handlers/room.go:213.65,220.3 2 0
trpg-sync/backend/api/v1/handlers/room.go:223.2,223.38 1 1
trpg-sync/backend/api/v1/handlers/room.go:223.38,230.3 2 0
trpg-sync/backend/api/v1/handlers/room.go:233.2,234.117 2 1
trpg-sync/backend/api/v1/handlers/room.go:234.117,241.3 2 0
trpg-sync/backend/api/v1/handlers/room.go:244.2,244.51 1 1
trpg-sync/backend/api/v1/handlers/room.go:244.51,251.3 2 0
trpg-sync/backend/api/v1/handlers/room.go:253.2,257.4 1 1
trpg-sync/backend/api/v1/handlers/room.go:260.50,262.13 2 1
trpg-sync/backend/api/v1/handlers/room.go:262.13,269.3 2 0
trpg-sync/backend/api/v1/handlers/room.go:271.2,275.65 3 1
trpg-sync/backend/api/v1/handlers/room.go:275.65,282.3 2 0
trpg-sync/backend/api/v1/handlers/room.go:285.2,285.38 1 1
trpg-sync/backend/api/v1/handlers/room.go:285.38,292.3 2 0
trpg-sync/backend/api/v1/handlers/room.go:295.2,295.55 1 1
trpg-sync/backend/api/v1/handlers/room.go:295.55,302.3 2 0
trpg-sync/backend/api/v1/handlers/room.go:304.2,308.4 1 1
trpg-sync/backend/api/v1/handlers/room.go:311.50,313.13 2 0
trpg-sync/backend/api/v1/handlers/room.go:313.13,320.3 2 0
trpg-sync/backend/api/v1/handlers/room.go:322.2,327.65 4 0
trpg-sync/backend/api/v1/handlers/room.go:327.65,334.3 2 0
trpg-sync/backend/api/v1/handlers/room.go:337.2,337.38 1 0
trpg-sync/backend/api/v1/handlers/room.go:337.38,344.3 2 0
trpg-sync/backend/api/v1/handlers/room.go:347.2,347.38 1 0
trpg-sync/backend/api/v1/handlers/room.go:347.38,354.3 2 0
trpg-sync/backend/api/v1/handlers/room.go:357.2,358.119 2 0
trpg-sync/backend/api/v1/handlers/room.go:358.119,365.3 2 0
trpg-sync/backend/api/v1/handlers/room.go:368.2,368.51 1 0
trpg-sync/backend/api/v1/handlers/room.go:368.51,375.3 2 0
trpg-sync/backend/api/v1/handlers/room.go:377.2,381.4 1 0
trpg-sync/backend/api/v1/handlers/room.go:384.50,386.13 2 0
trpg-sync/backend/api/v1/handlers/room.go:386.13,393.3 2 0
trpg-sync/backend/api/v1/handlers/room.go:395.2,399.65 3 0
trpg-sync/backend/api/v1/handlers/room.go:399.65,406.3 2 0
trpg-sync/backend/api/v1/handlers/room.go:409.2,409.38 1 0
trpg-sync/backend/api/v1/handlers/room.go:409.38,416.3 2 0
trpg-sync/backend/api/v1/handlers/room.go:419.2,422.47 2 0
trpg-sync/backend/api/v1/handlers/room.go:422.47,429.3 2 0
trpg-sync/backend/api/v1/handlers/room.go:432.2,433.120 2 0
trpg-sync/backend/api/v1/handlers/room.go:433.120,440.3 2 0
trpg-sync/backend/api/v1/handlers/room.go:443.2,444.53 2 0
trpg-sync/backend/api/v1/handlers/room.go:444.53,451.3 2 0
trpg-sync/backend/api/v1/handlers/room.go:453.2,457.4 1 0
trpg-sync/backend/api/v1/handlers/room.go:460.54,465.65 3 0
trpg-sync/backend/api/v1/handlers/room.go:465.65,472.3 2 0
trpg-sync/backend/api/v1/handlers/room.go:475.2,476.102 2 0
trpg-sync/backend/api/v1/handlers/room.go:476.102,483.3 2 0
trpg-sync/backend/api/v1/handlers/room.go:485.2,489.4 1 0
trpg-sync/backend/api/v1/handlers/user.go:16.47,18.2 1 1
trpg-sync/backend/api/v1/handlers/user.go:30.50,34.56 3 1
trpg-sync/backend/api/v1/handlers/user.go:34.56,41.3 2 1
trpg-sync/backend/api/v1/handlers/user.go:43.2,52.4 1 1
trpg-sync/backend/api/v1/handlers/user.go:55.53,59.47 3 1
trpg-sync/backend/api/v1/handlers/user.go:59.47,66.3 2 0
trpg-sync/backend/api/v1/handlers/user.go:69.2,70.64 2 1
trpg-sync/backend/api/v1/handlers/user.go:70.64,77.3 2 1
trpg-sync/backend/api/v1/handlers/user.go:79.2,80.24 2 1
trpg-sync/backend/api/v1/handlers/user.go:80.24,82.3 1 1
trpg-sync/backend/api/v1/handlers/user.go:83.2,83.22 1 1
trpg-sync/backend/api/v1/handlers/user.go:83.22,85.3 1 1
trpg-sync/backend/api/v1/handlers/user.go:87.2,87.96 1 1
trpg-sync/backend/api/v1/handlers/user.go:87.96,94.3 2 0
trpg-sync/backend/api/v1/handlers/user.go:96.2,100.4 1 1
trpg-sync/backend/api/v1/handlers/user.go:103.54,107.47 3 1
trpg-sync/backend/api/v1/handlers/user.go:107.47,114.3 2 1
trpg-sync/backend/api/v1/handlers/user.go:116.2,117.56 2 1
trpg-sync/backend/api/v1/handlers/user.go:117.56,124.3 2 1
trpg-sync/backend/api/v1/handlers/user.go:127.2,127.102 1 1
trpg-sync/backend/api/v1/handlers/user.go:127.102,134.3 2 0
trpg-sync/backend/api/v1/handlers/user.go:137.2,138.16 2 1
trpg-sync/backend/api/v1/handlers/user.go:138.16,145.3 2 0
trpg-sync/backend/api/v1/handlers/user.go:148.2,148.91 1 1
trpg-sync/backend/api/v1/handlers/user.go:148.91,155.3 2 0
trpg-sync/backend/api/v1/handlers/user.go:157.2,161.4 1 1
trpg-sync/backend/domain/character/character.go:36.41,38.2 1 0
trpg-sync/backend/api/v1/routes.go:11.46,13.2 2 0
trpg-sync/backend/api/v1/routes.go:13.2,16.3 3 0
trpg-sync/backend/api/v1/routes.go:16.3,19.4 2 0
trpg-sync/backend/api/v1/routes.go:21.3,24.3 4 0
trpg-sync/backend/api/v1/routes.go:24.3,28.4 3 0
trpg-sync/backend/api/v1/routes.go:30.3,33.3 4 0
trpg-sync/backend/api/v1/routes.go:33.3,42.4 8 0
trpg-sync/backend/api/v1/routes.go:44.1,47.2 4 0
trpg-sync/backend/api/v1/routes.go:47.2,53.3 5 0
trpg-sync/backend/api/v1/routes.go:55.2,55.54 1 0
trpg-sync/backend/domain/user/user.go:17.32,19.2 1 0
trpg-sync/backend/domain/room/room.go:21.32,23.2 1 0
trpg-sync/backend/domain/room/room.go:35.38,37.2 1 0
trpg-sync/backend/infrastructure/config/config.go:46.36,51.45 4 0
trpg-sync/backend/infrastructure/config/config.go:51.45,53.3 1 0
trpg-sync/backend/infrastructure/config/config.go:55.2,83.17 2 0
trpg-sync/backend/infrastructure/config/config.go:86.46,87.42 1 0
trpg-sync/backend/infrastructure/config/config.go:87.42,89.3 1 0
trpg-sync/backend/infrastructure/config/config.go:90.2,90.21 1 0
trpg-sync/backend/infrastructure/config/config.go:93.50,94.42 1 0
trpg-sync/backend/infrastructure/config/config.go:94.42,95.53 1 0
trpg-sync/backend/infrastructure/config/config.go:95.53,97.4 1 0
trpg-sync/backend/infrastructure/config/config.go:99.2,99.21 1 0
trpg-sync/backend/testutil/gin.go:12.108,17.16 3 0
trpg-sync/backend/testutil/gin.go:17.16,20.3 2 0
trpg-sync/backend/testutil/gin.go:21.2,23.10 2 0
trpg-sync/backend/testutil/gin.go:27.104,31.2 3 0
trpg-sync/backend/testutil/http.go:13.36,16.2 2 0
trpg-sync/backend/testutil/http.go:19.83,21.16 2 0
trpg-sync/backend/testutil/http.go:21.16,23.3 1 0
trpg-sync/backend/testutil/http.go:25.2,27.17 3 0
trpg-sync/backend/testutil/http.go:31.73,33.2 1 0
trpg-sync/backend/testutil/http.go:36.61,38.2 1 0
trpg-sync/backend/testutil/http.go:41.58,43.2 1 0
trpg-sync/backend/testutil/jwt.go:10.82,19.2 3 0
trpg-sync/backend/testutil/jwt.go:22.85,31.2 3 0
trpg-sync/backend/testutil/mock.go:13.29,21.2 1 0
trpg-sync/backend/testutil/mock.go:35.29,45.2 1 0
trpg-sync/backend/testutil/mock.go:61.39,73.2 1 0
trpg-sync/backend/testutil/setup.go:12.41,16.16 2 0
trpg-sync/backend/testutil/setup.go:16.16,18.3 1 0
trpg-sync/backend/testutil/setup.go:21.2,22.16 2 0
trpg-sync/backend/testutil/setup.go:22.16,24.3 1 0
trpg-sync/backend/testutil/setup.go:25.2,25.19 1 0
trpg-sync/backend/testutil/setup.go:25.19,27.3 1 0
trpg-sync/backend/testutil/setup.go:29.2,29.11 1 0
trpg-sync/backend/testutil/setup.go:33.61,34.31 1 0
trpg-sync/backend/testutil/setup.go:34.31,36.76 2 0
trpg-sync/backend/testutil/setup.go:36.76,38.4 1 0
trpg-sync/backend/testutil/setup.go:40.2,40.12 1 0
trpg-sync/backend/main.go:12.13,14.16 2 0
trpg-sync/backend/main.go:14.16,16.3 1 0
trpg-sync/backend/main.go:18.2,19.16 2 0
trpg-sync/backend/main.go:19.16,21.3 1 0
trpg-sync/backend/main.go:23.2,32.53 7 0
trpg-sync/backend/main.go:32.53,34.3 1 0
